<?xml version="1.0" encoding="UTF-8"?>
<testng-results ignored="0" total="4" passed="3" failed="1" skipped="0">
  <reporter-output>
  </reporter-output>
  <suite started-at="2022-10-11T11:44:22 IST" name="Default suite" finished-at="2022-10-11T11:46:14 IST" duration-ms="112544">
    <groups>
      <group name="Chrome">
        <method signature="AppTest.LaunchChrome()[pri:0, instance:appTests.AppTest@7f010382]" name="LaunchChrome" class="appTests.AppTest"/>
        <method signature="AppTest.f()[pri:0, instance:appTests.AppTest@7f010382]" name="f" class="appTests.AppTest"/>
      </group> <!-- Chrome -->
      <group name="Firefox">
        <method signature="AppTest.LaunchFirefox()[pri:0, instance:appTests.AppTest@7f010382]" name="LaunchFirefox" class="appTests.AppTest"/>
        <method signature="AppTest.firefox()[pri:0, instance:appTests.AppTest@7f010382]" name="firefox" class="appTests.AppTest"/>
      </group> <!-- Firefox -->
    </groups>
    <test started-at="2022-10-11T11:44:22 IST" name="Default test" finished-at="2022-10-11T11:46:14 IST" duration-ms="112544">
      <class name="appTests.AppTest">
        <test-method signature="LaunchChrome()[pri:0, instance:appTests.AppTest@7f010382]" started-at="2022-10-11T11:44:22 IST" name="LaunchChrome" finished-at="2022-10-11T11:44:24 IST" duration-ms="2026" status="PASS">
          <reporter-output>
          </reporter-output>
        </test-method> <!-- LaunchChrome -->
        <test-method signature="LaunchFirefox()[pri:0, instance:appTests.AppTest@7f010382]" started-at="2022-10-11T11:44:24 IST" name="LaunchFirefox" finished-at="2022-10-11T11:44:28 IST" duration-ms="4014" status="PASS">
          <reporter-output>
          </reporter-output>
        </test-method> <!-- LaunchFirefox -->
        <test-method signature="f()[pri:0, instance:appTests.AppTest@7f010382]" started-at="2022-10-11T11:44:28 IST" name="f" finished-at="2022-10-11T11:45:28 IST" depends-on-methods="appTests.AppTest.LaunchChrome" duration-ms="60322" status="PASS">
          <reporter-output>
          </reporter-output>
        </test-method> <!-- f -->
        <test-method signature="firefox()[pri:0, instance:appTests.AppTest@7f010382]" started-at="2022-10-11T11:45:28 IST" name="firefox" finished-at="2022-10-11T11:46:14 IST" depends-on-methods="appTests.AppTest.LaunchFirefox" duration-ms="46138" status="FAIL">
          <exception class="org.openqa.selenium.NoSuchElementException">
            <message>
              <![CDATA[Unable to locate element: //img[@class='_396cs4 _3exPp9']
For documentation on this error, please visit: https://selenium.dev/exceptions/#no_such_element
Build info: version: '4.4.0', revision: 'e5c75ed026a'
System info: host: 'SK', ip: '192.168.1.100', os.name: 'Windows 11', os.arch: 'amd64', os.version: '10.0', java.version: '18.0.1.1'
Driver info: org.openqa.selenium.firefox.FirefoxDriver
Command: [5400e1ad-e626-4ba4-b56a-38ba008fbdf0, findElement {using=xpath, value=//img[@class='_396cs4 _3exPp9']}]
Capabilities {acceptInsecureCerts: true, browserName: firefox, browserVersion: 76.0.1, moz:accessibilityChecks: false, moz:buildID: 20200507114007, moz:geckodriverVersion: 0.31.0, moz:headless: false, moz:processID: 3988, moz:profile: C:\Users\Parthi K\AppData\L..., moz:shutdownTimeout: 60000, moz:useNonSpecCompliantPointerOrigin: false, moz:webdriverClick: true, pageLoadStrategy: normal, platformName: WINDOWS, platformVersion: 10.0, rotatable: false, setWindowRect: true, strictFileInteractability: false, timeouts: {implicit: 0, pageLoad: 300000, script: 30000}, unhandledPromptBehavior: dismiss and notify}
Session ID: 5400e1ad-e626-4ba4-b56a-38ba008fbdf0]]>
            </message>
            <full-stacktrace>
              <![CDATA[org.openqa.selenium.NoSuchElementException: Unable to locate element: //img[@class='_396cs4 _3exPp9']
For documentation on this error, please visit: https://selenium.dev/exceptions/#no_such_element
Build info: version: '4.4.0', revision: 'e5c75ed026a'
System info: host: 'SK', ip: '192.168.1.100', os.name: 'Windows 11', os.arch: 'amd64', os.version: '10.0', java.version: '18.0.1.1'
Driver info: org.openqa.selenium.firefox.FirefoxDriver
Command: [5400e1ad-e626-4ba4-b56a-38ba008fbdf0, findElement {using=xpath, value=//img[@class='_396cs4 _3exPp9']}]
Capabilities {acceptInsecureCerts: true, browserName: firefox, browserVersion: 76.0.1, moz:accessibilityChecks: false, moz:buildID: 20200507114007, moz:geckodriverVersion: 0.31.0, moz:headless: false, moz:processID: 3988, moz:profile: C:\Users\Parthi K\AppData\L..., moz:shutdownTimeout: 60000, moz:useNonSpecCompliantPointerOrigin: false, moz:webdriverClick: true, pageLoadStrategy: normal, platformName: WINDOWS, platformVersion: 10.0, rotatable: false, setWindowRect: true, strictFileInteractability: false, timeouts: {implicit: 0, pageLoad: 300000, script: 30000}, unhandledPromptBehavior: dismiss and notify}
Session ID: 5400e1ad-e626-4ba4-b56a-38ba008fbdf0
at java.base/jdk.internal.reflect.DirectConstructorHandleAccessor.newInstance(DirectConstructorHandleAccessor.java:67)
at java.base/java.lang.reflect.Constructor.newInstanceWithCaller(Constructor.java:499)
at java.base/java.lang.reflect.Constructor.newInstance(Constructor.java:483)
at org.openqa.selenium.remote.codec.w3c.W3CHttpResponseCodec.createException(W3CHttpResponseCodec.java:200)
at org.openqa.selenium.remote.codec.w3c.W3CHttpResponseCodec.decode(W3CHttpResponseCodec.java:133)
at org.openqa.selenium.remote.codec.w3c.W3CHttpResponseCodec.decode(W3CHttpResponseCodec.java:53)
at org.openqa.selenium.remote.HttpCommandExecutor.execute(HttpCommandExecutor.java:184)
at org.openqa.selenium.remote.service.DriverCommandExecutor.invokeExecute(DriverCommandExecutor.java:167)
at org.openqa.selenium.remote.service.DriverCommandExecutor.execute(DriverCommandExecutor.java:142)
at org.openqa.selenium.remote.RemoteWebDriver.execute(RemoteWebDriver.java:547)
at org.openqa.selenium.remote.ElementLocation$ElementFinder$2.findElement(ElementLocation.java:162)
at org.openqa.selenium.remote.ElementLocation.findElement(ElementLocation.java:60)
at org.openqa.selenium.remote.RemoteWebDriver.findElement(RemoteWebDriver.java:365)
at org.openqa.selenium.remote.RemoteWebDriver.findElement(RemoteWebDriver.java:357)
at appTests.AppTest.firefox(AppTest.java:100)
at java.base/jdk.internal.reflect.DirectMethodHandleAccessor.invoke(DirectMethodHandleAccessor.java:104)
at java.base/java.lang.reflect.Method.invoke(Method.java:577)
at org.testng.internal.MethodInvocationHelper.invokeMethod(MethodInvocationHelper.java:133)
at org.testng.internal.TestInvoker.invokeMethod(TestInvoker.java:584)
at org.testng.internal.TestInvoker.invokeTestMethod(TestInvoker.java:172)
at org.testng.internal.MethodRunner.runInSequence(MethodRunner.java:46)
at org.testng.internal.TestInvoker$MethodInvocationAgent.invoke(TestInvoker.java:804)
at org.testng.internal.TestInvoker.invokeTestMethods(TestInvoker.java:145)
at org.testng.internal.TestMethodWorker.invokeTestMethods(TestMethodWorker.java:146)
at org.testng.internal.TestMethodWorker.run(TestMethodWorker.java:128)
at java.base/java.util.ArrayList.forEach(ArrayList.java:1511)
at org.testng.TestRunner.privateRun(TestRunner.java:770)
at org.testng.TestRunner.run(TestRunner.java:591)
at org.testng.SuiteRunner.runTest(SuiteRunner.java:402)
at org.testng.SuiteRunner.runSequentially(SuiteRunner.java:396)
at org.testng.SuiteRunner.privateRun(SuiteRunner.java:355)
at org.testng.SuiteRunner.run(SuiteRunner.java:304)
at org.testng.SuiteRunnerWorker.runSuite(SuiteRunnerWorker.java:53)
at org.testng.SuiteRunnerWorker.run(SuiteRunnerWorker.java:96)
at org.testng.TestNG.runSuitesSequentially(TestNG.java:1180)
at org.testng.TestNG.runSuitesLocally(TestNG.java:1102)
at org.testng.TestNG.runSuites(TestNG.java:1032)
at org.testng.TestNG.run(TestNG.java:1000)
at org.testng.remote.AbstractRemoteTestNG.run(AbstractRemoteTestNG.java:115)
at org.testng.remote.RemoteTestNG.initAndRun(RemoteTestNG.java:251)
at org.testng.remote.RemoteTestNG.main(RemoteTestNG.java:77)
]]>
            </full-stacktrace>
          </exception> <!-- org.openqa.selenium.NoSuchElementException -->
          <reporter-output>
          </reporter-output>
        </test-method> <!-- firefox -->
      </class> <!-- appTests.AppTest -->
    </test> <!-- Default test -->
  </suite> <!-- Default suite -->
</testng-results>
